[INFO  - 2019-03-12T11:23:27.265Z] GhostDriver - Main - running on port 60616
[INFO  - 2019-03-12T11:23:27.388Z] Session [41b9b980-44b9-11e9-97c7-5bdbe9c403d0] - page.settings - {"XSSAuditingEnabled":false,"javascriptCanCloseWindows":true,"javascriptCanOpenWindows":true,"javascriptEnabled":true,"loadImages":false,"localToRemoteUrlAccessEnabled":false,"userAgent":"Mozilla/5.0 (Macintosh; Intel Mac OS X) AppleWebKit/538.1 (KHTML, like Gecko) PhantomJS/2.1.1 Safari/538.1","webSecurityEnabled":true}
[INFO  - 2019-03-12T11:23:27.388Z] Session [41b9b980-44b9-11e9-97c7-5bdbe9c403d0] - page.customHeaders:  - {}
[INFO  - 2019-03-12T11:23:27.388Z] Session [41b9b980-44b9-11e9-97c7-5bdbe9c403d0] - Session.negotiatedCapabilities - {"browserName":"phantomjs","version":"2.1.1","driverName":"ghostdriver","driverVersion":"1.2.0","platform":"mac-unknown-64bit","javascriptEnabled":true,"takesScreenshot":true,"handlesAlerts":false,"databaseEnabled":false,"locationContextEnabled":false,"applicationCacheEnabled":false,"browserConnectionEnabled":false,"cssSelectorsEnabled":true,"webStorageEnabled":false,"rotatable":false,"acceptSslCerts":false,"nativeEvents":true,"proxy":{"proxyType":"direct"}}
[INFO  - 2019-03-12T11:23:27.388Z] SessionManagerReqHand - _postNewSessionCommand - New Session Created: 41b9b980-44b9-11e9-97c7-5bdbe9c403d0
[ERROR - 2019-03-12T11:23:27.866Z] Session [41b9b980-44b9-11e9-97c7-5bdbe9c403d0] - page.onError - msg: ReferenceError: Can't find variable: WeakMap

  phantomjs://platform/console++.js:263 in error
[ERROR - 2019-03-12T11:23:27.867Z] Session [41b9b980-44b9-11e9-97c7-5bdbe9c403d0] - page.onError - stack:
  a (https://www.vaalikone.fi/eduskunta2019/assets/js/vendor.aa76db8ecc0e195f90ce.js:1)
  (anonymous function) (https://www.vaalikone.fi/eduskunta2019/assets/js/vendor.aa76db8ecc0e195f90ce.js:1)
  TjbG (https://www.vaalikone.fi/eduskunta2019/assets/js/vendor.aa76db8ecc0e195f90ce.js:1)
  f (https://www.vaalikone.fi/eduskunta2019/assets/js/runtime.34c62c4e1e01e213a270.js:1)
  UpPA (https://www.vaalikone.fi/eduskunta2019/assets/js/vendor.aa76db8ecc0e195f90ce.js:1)
  f (https://www.vaalikone.fi/eduskunta2019/assets/js/runtime.34c62c4e1e01e213a270.js:1)
  xkFo (https://www.vaalikone.fi/eduskunta2019/assets/js/main.bc5be03b31c0189c9d1c.js:4)
  f (https://www.vaalikone.fi/eduskunta2019/assets/js/runtime.34c62c4e1e01e213a270.js:1)
  7tNP (https://www.vaalikone.fi/eduskunta2019/assets/js/main.bc5be03b31c0189c9d1c.js:1)
  f (https://www.vaalikone.fi/eduskunta2019/assets/js/runtime.34c62c4e1e01e213a270.js:1)
  /hs+ (https://www.vaalikone.fi/eduskunta2019/assets/js/main.bc5be03b31c0189c9d1c.js:1)
  f (https://www.vaalikone.fi/eduskunta2019/assets/js/runtime.34c62c4e1e01e213a270.js:1)
  a (https://www.vaalikone.fi/eduskunta2019/assets/js/runtime.34c62c4e1e01e213a270.js:1)
  e (https://www.vaalikone.fi/eduskunta2019/assets/js/runtime.34c62c4e1e01e213a270.js:1)

  phantomjs://platform/console++.js:263 in error
[ERROR - 2019-03-12T11:23:30.943Z] RouterReqHand - _handle.error - {"name":"Invalid Command Method","message":"{\"headers\":{\"Accept\":\"application/json\",\"Accept-Encoding\":\"identity\",\"Content-Length\":\"53\",\"Content-Type\":\"application/json;charset=UTF-8\",\"Host\":\"127.0.0.1:60616\",\"User-Agent\":\"selenium/3.14.0 (python mac)\"},\"httpVersion\":\"1.1\",\"method\":\"GET\",\"url\":\"/orientation\",\"urlParsed\":{\"anchor\":\"\",\"query\":\"\",\"file\":\"orientation\",\"directory\":\"/\",\"path\":\"/orientation\",\"relative\":\"/orientation\",\"port\":\"\",\"host\":\"\",\"password\":\"\",\"user\":\"\",\"userInfo\":\"\",\"authority\":\"\",\"protocol\":\"\",\"source\":\"/orientation\",\"queryKey\":{},\"chunks\":[\"orientation\"]},\"urlOriginal\":\"/session/41b9b980-44b9-11e9-97c7-5bdbe9c403d0/orientation\"}","line":202,"sourceURL":"phantomjs://code/session_request_handler.js","stack":"_handle@phantomjs://code/session_request_handler.js:202:66\n_reroute@phantomjs://code/request_handler.js:61:20\n_handle@phantomjs://code/router_request_handler.js:78:46"}

  phantomjs://platform/console++.js:263 in error
[INFO  - 2019-03-12T11:28:27.272Z] SessionManagerReqHand - _cleanupWindowlessSessions - Asynchronous Sessions clean-up phase starting NOW
[ERROR - 2019-03-12T11:32:40.730Z] RouterReqHand - _handle.error - {"name":"Invalid Command Method","message":"{\"headers\":{\"Accept\":\"application/json\",\"Accept-Encoding\":\"identity\",\"Content-Length\":\"53\",\"Content-Type\":\"application/json;charset=UTF-8\",\"Host\":\"127.0.0.1:60616\",\"User-Agent\":\"selenium/3.14.0 (python mac)\"},\"httpVersion\":\"1.1\",\"method\":\"GET\",\"url\":\"/orientation\",\"urlParsed\":{\"anchor\":\"\",\"query\":\"\",\"file\":\"orientation\",\"directory\":\"/\",\"path\":\"/orientation\",\"relative\":\"/orientation\",\"port\":\"\",\"host\":\"\",\"password\":\"\",\"user\":\"\",\"userInfo\":\"\",\"authority\":\"\",\"protocol\":\"\",\"source\":\"/orientation\",\"queryKey\":{},\"chunks\":[\"orientation\"]},\"urlOriginal\":\"/session/41b9b980-44b9-11e9-97c7-5bdbe9c403d0/orientation\"}","line":202,"sourceURL":"phantomjs://code/session_request_handler.js","stack":"_handle@phantomjs://code/session_request_handler.js:202:66\n_reroute@phantomjs://code/request_handler.js:61:20\n_handle@phantomjs://code/router_request_handler.js:78:46"}

  phantomjs://platform/console++.js:263 in error
[ERROR - 2019-03-12T11:33:00.338Z] WebElementLocator - _handleLocateCommand - Element(s) NOT Found: GAVE UP. Search Stop Time: 1552390380307

  phantomjs://platform/console++.js:263 in error
[ERROR - 2019-03-12T11:33:00.455Z] RouterReqHand - _handle.error - {"name":"Invalid Command Method","message":"{\"headers\":{\"Accept\":\"application/json\",\"Accept-Encoding\":\"identity\",\"Content-Length\":\"53\",\"Content-Type\":\"application/json;charset=UTF-8\",\"Host\":\"127.0.0.1:60616\",\"User-Agent\":\"selenium/3.14.0 (python mac)\"},\"httpVersion\":\"1.1\",\"method\":\"GET\",\"url\":\"/orientation\",\"urlParsed\":{\"anchor\":\"\",\"query\":\"\",\"file\":\"orientation\",\"directory\":\"/\",\"path\":\"/orientation\",\"relative\":\"/orientation\",\"port\":\"\",\"host\":\"\",\"password\":\"\",\"user\":\"\",\"userInfo\":\"\",\"authority\":\"\",\"protocol\":\"\",\"source\":\"/orientation\",\"queryKey\":{},\"chunks\":[\"orientation\"]},\"urlOriginal\":\"/session/41b9b980-44b9-11e9-97c7-5bdbe9c403d0/orientation\"}","line":202,"sourceURL":"phantomjs://code/session_request_handler.js","stack":"_handle@phantomjs://code/session_request_handler.js:202:66\n_reroute@phantomjs://code/request_handler.js:61:20\n_handle@phantomjs://code/router_request_handler.js:78:46"}

  phantomjs://platform/console++.js:263 in error
[INFO  - 2019-03-12T11:33:27.272Z] SessionManagerReqHand - _cleanupWindowlessSessions - Asynchronous Sessions clean-up phase starting NOW
[ERROR - 2019-03-12T11:35:20.839Z] WebElementLocator - _handleLocateCommand - Element(s) NOT Found: GAVE UP. Search Stop Time: 1552390520797

  phantomjs://platform/console++.js:263 in error
[ERROR - 2019-03-12T11:35:20.904Z] RouterReqHand - _handle.error - {"name":"Invalid Command Method","message":"{\"headers\":{\"Accept\":\"application/json\",\"Accept-Encoding\":\"identity\",\"Content-Length\":\"53\",\"Content-Type\":\"application/json;charset=UTF-8\",\"Host\":\"127.0.0.1:60616\",\"User-Agent\":\"selenium/3.14.0 (python mac)\"},\"httpVersion\":\"1.1\",\"method\":\"GET\",\"url\":\"/orientation\",\"urlParsed\":{\"anchor\":\"\",\"query\":\"\",\"file\":\"orientation\",\"directory\":\"/\",\"path\":\"/orientation\",\"relative\":\"/orientation\",\"port\":\"\",\"host\":\"\",\"password\":\"\",\"user\":\"\",\"userInfo\":\"\",\"authority\":\"\",\"protocol\":\"\",\"source\":\"/orientation\",\"queryKey\":{},\"chunks\":[\"orientation\"]},\"urlOriginal\":\"/session/41b9b980-44b9-11e9-97c7-5bdbe9c403d0/orientation\"}","line":202,"sourceURL":"phantomjs://code/session_request_handler.js","stack":"_handle@phantomjs://code/session_request_handler.js:202:66\n_reroute@phantomjs://code/request_handler.js:61:20\n_handle@phantomjs://code/router_request_handler.js:78:46"}

  phantomjs://platform/console++.js:263 in error
[ERROR - 2019-03-12T11:35:51.793Z] WebElementLocator - _handleLocateCommand - Element(s) NOT Found: GAVE UP. Search Stop Time: 1552390551767

  phantomjs://platform/console++.js:263 in error
[ERROR - 2019-03-12T11:35:51.857Z] RouterReqHand - _handle.error - {"name":"Invalid Command Method","message":"{\"headers\":{\"Accept\":\"application/json\",\"Accept-Encoding\":\"identity\",\"Content-Length\":\"53\",\"Content-Type\":\"application/json;charset=UTF-8\",\"Host\":\"127.0.0.1:60616\",\"User-Agent\":\"selenium/3.14.0 (python mac)\"},\"httpVersion\":\"1.1\",\"method\":\"GET\",\"url\":\"/orientation\",\"urlParsed\":{\"anchor\":\"\",\"query\":\"\",\"file\":\"orientation\",\"directory\":\"/\",\"path\":\"/orientation\",\"relative\":\"/orientation\",\"port\":\"\",\"host\":\"\",\"password\":\"\",\"user\":\"\",\"userInfo\":\"\",\"authority\":\"\",\"protocol\":\"\",\"source\":\"/orientation\",\"queryKey\":{},\"chunks\":[\"orientation\"]},\"urlOriginal\":\"/session/41b9b980-44b9-11e9-97c7-5bdbe9c403d0/orientation\"}","line":202,"sourceURL":"phantomjs://code/session_request_handler.js","stack":"_handle@phantomjs://code/session_request_handler.js:202:66\n_reroute@phantomjs://code/request_handler.js:61:20\n_handle@phantomjs://code/router_request_handler.js:78:46"}

  phantomjs://platform/console++.js:263 in error
[INFO  - 2019-03-12T11:38:27.271Z] SessionManagerReqHand - _cleanupWindowlessSessions - Asynchronous Sessions clean-up phase starting NOW
